d:\desktop\skool sux\170264f_wk12progresscheck2\base\debug\vc141.pdb
d:\desktop\skool sux\170264f_wk12progresscheck2\base\debug\vc141.idb
d:\desktop\skool sux\170264f_wk12progresscheck2\base\debug\camera2.obj
d:\desktop\skool sux\170264f_wk12progresscheck2\base\debug\camera3.obj
d:\desktop\skool sux\170264f_wk12progresscheck2\base\debug\depthfbo.obj
d:\desktop\skool sux\170264f_wk12progresscheck2\base\debug\loadhmap.obj
d:\desktop\skool sux\170264f_wk12progresscheck2\base\debug\loadobj.obj
d:\desktop\skool sux\170264f_wk12progresscheck2\base\debug\loadtga.obj
d:\desktop\skool sux\170264f_wk12progresscheck2\base\debug\main.obj
d:\desktop\skool sux\170264f_wk12progresscheck2\base\debug\mesh.obj
d:\desktop\skool sux\170264f_wk12progresscheck2\base\debug\meshbuilder.obj
d:\desktop\skool sux\170264f_wk12progresscheck2\base\debug\objmesh.obj
d:\desktop\skool sux\170264f_wk12progresscheck2\base\debug\particle.obj
d:\desktop\skool sux\170264f_wk12progresscheck2\base\debug\scene5.obj
d:\desktop\skool sux\170264f_wk12progresscheck2\base\debug\scenelight.obj
d:\desktop\skool sux\170264f_wk12progresscheck2\base\debug\scenelight2.obj
d:\desktop\skool sux\170264f_wk12progresscheck2\base\debug\sceneskybox.obj
d:\desktop\skool sux\170264f_wk12progresscheck2\base\debug\sceneterrain.obj
d:\desktop\skool sux\170264f_wk12progresscheck2\base\debug\scenetext.obj
d:\desktop\skool sux\170264f_wk12progresscheck2\base\debug\shader.obj
d:\desktop\skool sux\170264f_wk12progresscheck2\base\debug\spriteanimation.obj
d:\desktop\skool sux\170264f_wk12progresscheck2\base\debug\utility.obj
d:\desktop\skool sux\170264f_wk12progresscheck2\base\debug\application.obj
d:\desktop\skool sux\170264f_wk12progresscheck2\base\debug\camera.obj
d:\desktop\skool sux\170264f_wk12progresscheck2\debug\base.exe
d:\desktop\skool sux\170264f_wk12progresscheck2\debug\base.pdb
d:\desktop\skool sux\170264f_wk12progresscheck2\base\debug\base.tlog\cl.command.1.tlog
d:\desktop\skool sux\170264f_wk12progresscheck2\base\debug\base.tlog\cl.read.1.tlog
d:\desktop\skool sux\170264f_wk12progresscheck2\base\debug\base.tlog\cl.write.1.tlog
d:\desktop\skool sux\170264f_wk12progresscheck2\base\debug\base.tlog\link.command.1.tlog
d:\desktop\skool sux\170264f_wk12progresscheck2\base\debug\base.tlog\link.read.1.tlog
d:\desktop\skool sux\170264f_wk12progresscheck2\base\debug\base.tlog\link.write.1.tlog
